2026-01-22 21:49:29,786 INFO: BarberX Legal Tech startup [in C:\web-dev\github-repos\BarberX.info\app.py:61]
2026-01-22 21:49:30,065 INFO: Default admin user created [in C:\web-dev\github-repos\BarberX.info\app.py:948]
2026-01-22 23:08:45,709 INFO: BarberX Legal Tech startup [in C:\web-dev\github-repos\BarberX.info\app.py:61]
2026-01-22 23:08:50,188 INFO: BarberX Legal Tech startup [in C:\web-dev\github-repos\BarberX.info\app.py:61]
2026-01-22 23:12:10,759 INFO: BarberX Legal Tech startup [in C:\web-dev\github-repos\BarberX.info\app.py:61]
2026-01-22 23:12:13,662 INFO: BarberX Legal Tech startup [in C:\web-dev\github-repos\BarberX.info\app.py:61]
2026-01-22 23:13:21,106 INFO: BarberX Legal Tech startup [in C:\web-dev\github-repos\BarberX.info\app.py:61]
2026-01-22 23:13:24,919 INFO: BarberX Legal Tech startup [in C:\web-dev\github-repos\BarberX.info\app.py:61]
2026-01-22 23:22:43,985 INFO: BarberX Legal Tech startup [in C:\web-dev\github-repos\BarberX.info\app.py:61]
2026-01-23 01:06:46,773 INFO: BarberX Legal Tech startup [in C:\web-dev\github-repos\BarberX.info\app.py:84]
2026-01-23 01:07:26,008 INFO: BarberX Legal Tech startup [in C:\web-dev\github-repos\BarberX.info\app.py:84]
2026-01-23 01:08:11,296 INFO: BarberX Legal Tech startup [in C:\web-dev\github-repos\BarberX.info\app.py:84]
2026-01-23 01:08:45,438 INFO: BarberX Legal Tech startup [in C:\web-dev\github-repos\BarberX.info\app.py:84]
2026-01-23 01:12:02,014 INFO: BarberX Legal Tech startup [in C:\web-dev\github-repos\BarberX.info\app.py:84]
2026-01-23 01:12:48,105 INFO: BarberX Legal Tech startup [in C:\web-dev\github-repos\BarberX.info\app.py:84]
2026-01-23 01:13:56,955 INFO: BarberX Legal Tech startup [in C:\web-dev\github-repos\BarberX.info\app.py:84]
2026-01-23 01:14:28,275 INFO: BarberX Legal Tech startup [in C:\web-dev\github-repos\BarberX.info\app.py:84]
2026-01-23 01:14:28,296 INFO: Database tables initialized [in C:\web-dev\github-repos\BarberX.info\app.py:1550]
2026-01-23 01:14:30,772 INFO: BarberX Legal Tech startup [in C:\web-dev\github-repos\BarberX.info\app.py:84]
2026-01-23 01:14:30,805 INFO: Database tables initialized [in C:\web-dev\github-repos\BarberX.info\app.py:1550]
2026-01-23 04:28:52,105 INFO: BarberX Legal Tech startup [in C:\web-dev\github-repos\BarberX.info\app.py:84]
2026-01-23 04:28:52,220 INFO: Database tables initialized [in C:\web-dev\github-repos\BarberX.info\app.py:1550]
2026-01-23 16:49:26,925 INFO: BarberX Legal Tech startup [in C:\web-dev\github-repos\BarberX.info\app.py:84]
2026-01-23 16:49:26,995 INFO: Database tables initialized [in C:\web-dev\github-repos\BarberX.info\app.py:1893]
2026-01-23 16:50:22,557 INFO: BarberX Legal Tech startup [in C:\web-dev\github-repos\BarberX.info\app.py:84]
2026-01-23 16:50:22,599 INFO: Database tables initialized [in C:\web-dev\github-repos\BarberX.info\app.py:1893]
2026-01-23 16:50:25,536 INFO: BarberX Legal Tech startup [in C:\web-dev\github-repos\BarberX.info\app.py:84]
2026-01-23 16:50:25,589 INFO: Database tables initialized [in C:\web-dev\github-repos\BarberX.info\app.py:1893]
2026-01-23 17:03:40,312 INFO: BarberX Legal Tech startup [in C:\web-dev\github-repos\BarberX.info\app.py:84]
2026-01-23 17:03:40,389 INFO: Database tables initialized [in C:\web-dev\github-repos\BarberX.info\app.py:1893]
2026-01-23 17:06:30,239 INFO: BarberX Legal Tech startup [in C:\web-dev\github-repos\BarberX.info\app.py:84]
2026-01-23 17:06:30,285 INFO: Database tables initialized [in C:\web-dev\github-repos\BarberX.info\app.py:2117]
2026-01-23 17:21:27,446 INFO: BarberX Legal Tech startup [in C:\web-dev\github-repos\BarberX.info\app.py:84]
2026-01-23 17:21:27,496 INFO: Database tables initialized [in C:\web-dev\github-repos\BarberX.info\app.py:2347]
2026-01-23 17:21:30,809 INFO: BarberX Legal Tech startup [in C:\web-dev\github-repos\BarberX.info\app.py:84]
2026-01-23 17:21:30,869 INFO: Database tables initialized [in C:\web-dev\github-repos\BarberX.info\app.py:2347]
2026-01-23 17:22:59,049 INFO: BarberX Legal Tech startup [in C:\web-dev\github-repos\BarberX.info\app.py:84]
2026-01-23 17:22:59,100 INFO: Database tables initialized [in C:\web-dev\github-repos\BarberX.info\app.py:2347]
2026-01-23 17:23:02,310 INFO: BarberX Legal Tech startup [in C:\web-dev\github-repos\BarberX.info\app.py:84]
2026-01-23 17:23:02,365 INFO: Database tables initialized [in C:\web-dev\github-repos\BarberX.info\app.py:2347]
2026-01-23 17:44:50,717 INFO: BarberX Legal Tech startup [in C:\web-dev\github-repos\BarberX.info\app.py:84]
2026-01-23 17:44:50,790 INFO: Database tables initialized [in C:\web-dev\github-repos\BarberX.info\app.py:2347]
2026-01-23 18:03:35,829 INFO: BarberX Legal Tech startup [in C:\web-dev\github-repos\BarberX.info\app.py:97]
2026-01-23 18:03:35,872 INFO: Database tables initialized [in C:\web-dev\github-repos\BarberX.info\app.py:2403]
2026-01-23 21:16:12,140 INFO: BarberX Legal Tech startup [in C:\web-dev\github-repos\BarberX.info\app.py:97]
2026-01-23 21:16:12,196 INFO: Database tables initialized [in C:\web-dev\github-repos\BarberX.info\app.py:2416]
2026-01-23 21:16:32,835 INFO: BarberX Legal Tech startup [in C:\web-dev\github-repos\BarberX.info\app.py:97]
2026-01-23 21:16:32,896 INFO: Database tables initialized [in C:\web-dev\github-repos\BarberX.info\app.py:2416]
2026-01-23 21:19:04,629 INFO: BarberX Legal Tech startup [in C:\web-dev\github-repos\BarberX.info\app.py:97]
2026-01-23 21:19:04,675 INFO: Database tables initialized [in C:\web-dev\github-repos\BarberX.info\app.py:2416]
2026-01-23 21:19:08,354 INFO: BarberX Legal Tech startup [in C:\web-dev\github-repos\BarberX.info\app.py:97]
2026-01-23 21:19:08,409 INFO: Database tables initialized [in C:\web-dev\github-repos\BarberX.info\app.py:2416]
2026-01-23 21:22:26,449 INFO: BarberX Legal Tech startup [in C:\web-dev\github-repos\BarberX.info\app.py:97]
2026-01-23 21:22:26,487 INFO: Database tables initialized [in C:\web-dev\github-repos\BarberX.info\app.py:2416]
2026-01-23 21:22:30,616 INFO: BarberX Legal Tech startup [in C:\web-dev\github-repos\BarberX.info\app.py:97]
2026-01-23 21:22:30,671 INFO: Database tables initialized [in C:\web-dev\github-repos\BarberX.info\app.py:2416]
2026-01-23 21:22:33,783 INFO: BarberX Legal Tech startup [in C:\web-dev\github-repos\BarberX.info\app.py:97]
2026-01-23 21:22:33,839 INFO: Database tables initialized [in C:\web-dev\github-repos\BarberX.info\app.py:2416]
2026-01-23 21:22:36,983 INFO: BarberX Legal Tech startup [in C:\web-dev\github-repos\BarberX.info\app.py:97]
2026-01-23 21:22:37,046 INFO: Database tables initialized [in C:\web-dev\github-repos\BarberX.info\app.py:2416]
2026-01-24 12:47:31,353 INFO: BarberX Legal Tech startup [in C:\web-dev\github-repos\BarberX.info\app.py:114]
2026-01-24 12:47:31,404 INFO: Database tables initialized [in C:\web-dev\github-repos\BarberX.info\app.py:2433]
2026-01-24 12:48:27,160 INFO: BarberX Legal Tech startup [in C:\web-dev\github-repos\BarberX.info\app.py:114]
2026-01-24 12:48:27,195 INFO: Database tables initialized [in C:\web-dev\github-repos\BarberX.info\app.py:2433]
2026-01-24 12:48:55,161 INFO: BarberX Legal Tech startup [in C:\web-dev\github-repos\BarberX.info\app.py:114]
2026-01-24 12:48:55,195 INFO: Database tables initialized [in C:\web-dev\github-repos\BarberX.info\app.py:2433]
2026-01-24 12:50:03,135 INFO: BarberX Legal Tech startup [in C:\web-dev\github-repos\BarberX.info\app.py:114]
2026-01-24 12:50:03,168 INFO: Database tables initialized [in C:\web-dev\github-repos\BarberX.info\app.py:2433]
2026-01-24 12:51:12,208 INFO: BarberX Legal Tech startup [in C:\web-dev\github-repos\BarberX.info\app.py:114]
2026-01-24 12:51:12,254 INFO: Database tables initialized [in C:\web-dev\github-repos\BarberX.info\app.py:2433]
2026-01-24 12:51:16,841 INFO: BarberX Legal Tech startup [in C:\web-dev\github-repos\BarberX.info\app.py:114]
2026-01-24 12:51:16,947 INFO: Database tables initialized [in C:\web-dev\github-repos\BarberX.info\app.py:2433]
2026-01-24 12:56:34,040 INFO: BarberX Legal Tech startup [in C:\web-dev\github-repos\BarberX.info\app.py:116]
2026-01-24 18:05:34,385 INFO: BarberX Legal Tech startup [in C:\web-dev\github-repos\BarberX.info\app.py:116]
2026-01-24 18:07:38,678 INFO: BarberX Legal Tech startup [in C:\web-dev\github-repos\BarberX.info\app.py:116]
2026-01-24 18:08:44,041 INFO: BarberX Legal Tech startup [in C:\web-dev\github-repos\BarberX.info\app.py:116]
2026-01-24 18:08:54,135 INFO: BarberX Legal Tech startup [in C:\web-dev\github-repos\BarberX.info\app.py:116]
2026-01-24 18:11:49,094 INFO: BarberX Legal Tech startup [in C:\web-dev\github-repos\BarberX.info\app.py:116]
2026-01-24 18:12:01,878 INFO: BarberX Legal Tech startup [in C:\web-dev\github-repos\BarberX.info\app.py:116]
2026-01-24 18:33:46,953 INFO: BarberX Legal Tech startup [in C:\web-dev\github-repos\BarberX.info\app.py:116]
2026-01-24 19:06:27,458 INFO: BarberX Legal Tech startup [in C:\web-dev\github-repos\BarberX.info\app.py:116]
2026-01-24 19:09:54,157 INFO: BarberX Legal Tech startup [in C:\web-dev\github-repos\BarberX.info\app.py:116]
2026-01-24 19:14:47,802 INFO: BarberX Legal Tech startup [in C:\web-dev\github-repos\BarberX.info\app.py:116]
2026-01-24 19:16:02,087 INFO: BarberX Legal Tech startup [in C:\web-dev\github-repos\BarberX.info\app.py:116]
2026-01-24 19:18:43,319 INFO: BarberX Legal Tech startup [in C:\web-dev\github-repos\BarberX.info\app.py:116]
2026-01-24 19:23:50,108 INFO: BarberX Legal Tech startup [in C:\web-dev\github-repos\BarberX.info\app.py:116]
2026-01-24 19:23:50,216 INFO: Database tables initialized [in C:\web-dev\github-repos\BarberX.info\app.py:2439]
2026-01-24 19:23:59,313 INFO: BarberX Legal Tech startup [in C:\web-dev\github-repos\BarberX.info\app.py:116]
2026-01-24 19:23:59,354 INFO: Database tables initialized [in C:\web-dev\github-repos\BarberX.info\app.py:2439]
2026-01-24 19:26:21,868 INFO: BarberX Legal Tech startup [in C:\web-dev\github-repos\BarberX.info\app.py:116]
2026-01-24 19:26:21,926 INFO: Database tables initialized [in C:\web-dev\github-repos\BarberX.info\app.py:2439]
2026-01-24 19:26:41,846 INFO: BarberX Legal Tech startup [in C:\web-dev\github-repos\BarberX.info\app.py:116]
2026-01-24 19:26:41,896 INFO: Database tables initialized [in C:\web-dev\github-repos\BarberX.info\app.py:2352]
2026-01-24 19:28:42,485 INFO: BarberX Legal Tech startup [in C:\web-dev\github-repos\BarberX.info\app.py:116]
2026-01-24 19:28:42,529 INFO: Database tables initialized [in C:\web-dev\github-repos\BarberX.info\app.py:2352]
2026-01-24 19:28:54,591 INFO: BarberX Legal Tech startup [in C:\web-dev\github-repos\BarberX.info\app.py:116]
2026-01-24 19:28:54,629 INFO: Database tables initialized [in C:\web-dev\github-repos\BarberX.info\app.py:2352]
2026-01-24 19:30:49,163 INFO: BarberX Legal Tech startup [in C:\web-dev\github-repos\BarberX.info\app.py:116]
2026-01-24 19:30:49,191 INFO: Database tables initialized [in C:\web-dev\github-repos\BarberX.info\app.py:2352]
2026-01-24 19:30:56,841 INFO: BarberX Legal Tech startup [in C:\web-dev\github-repos\BarberX.info\app.py:116]
2026-01-24 19:30:56,868 INFO: Database tables initialized [in C:\web-dev\github-repos\BarberX.info\app.py:2352]
2026-01-24 19:31:40,112 INFO: BarberX Legal Tech startup [in C:\web-dev\github-repos\BarberX.info\app.py:116]
2026-01-24 19:31:40,146 INFO: Database tables initialized [in C:\web-dev\github-repos\BarberX.info\app.py:2352]
2026-01-24 19:32:04,438 INFO: BarberX Legal Tech startup [in C:\web-dev\github-repos\BarberX.info\app.py:116]
2026-01-24 19:32:04,471 INFO: Database tables initialized [in C:\web-dev\github-repos\BarberX.info\app.py:2352]
2026-01-24 19:32:12,954 INFO: BarberX Legal Tech startup [in C:\web-dev\github-repos\BarberX.info\app.py:116]
2026-01-24 19:32:12,993 INFO: Database tables initialized [in C:\web-dev\github-repos\BarberX.info\app.py:2352]
2026-01-24 19:34:43,785 INFO: BarberX Legal Tech startup [in C:\web-dev\github-repos\BarberX.info\app.py:116]
2026-01-24 19:34:43,821 INFO: Database tables initialized [in C:\web-dev\github-repos\BarberX.info\app.py:2352]
2026-01-24 19:35:07,271 INFO: BarberX Legal Tech startup [in C:\web-dev\github-repos\BarberX.info\app.py:116]
2026-01-24 19:35:07,314 INFO: Database tables initialized [in C:\web-dev\github-repos\BarberX.info\app.py:2352]
2026-01-24 19:37:19,979 INFO: BarberX Legal Tech startup [in C:\web-dev\github-repos\BarberX.info\app.py:116]
2026-01-24 19:38:28,145 INFO: BarberX Legal Tech startup [in C:\web-dev\github-repos\BarberX.info\app.py:116]
2026-01-24 19:38:45,218 INFO: BarberX Legal Tech startup [in C:\web-dev\github-repos\BarberX.info\app.py:116]
2026-01-24 19:42:58,582 INFO: BarberX Legal Tech startup [in C:\web-dev\github-repos\BarberX.info\app.py:116]
2026-01-24 19:42:58,697 INFO: Database tables initialized [in C:\web-dev\github-repos\BarberX.info\app.py:2236]
2026-01-24 19:43:11,556 INFO: BarberX Legal Tech startup [in C:\web-dev\github-repos\BarberX.info\app.py:116]
2026-01-24 19:43:11,590 INFO: Database tables initialized [in C:\web-dev\github-repos\BarberX.info\app.py:2236]
2026-01-24 19:43:31,233 INFO: BarberX Legal Tech startup [in C:\web-dev\github-repos\BarberX.info\app.py:116]
2026-01-24 19:43:31,265 INFO: Database tables initialized [in C:\web-dev\github-repos\BarberX.info\app.py:2236]
2026-01-24 19:43:53,556 INFO: BarberX Legal Tech startup [in C:\web-dev\github-repos\BarberX.info\app.py:116]
2026-01-24 19:43:53,635 INFO: Database tables initialized [in C:\web-dev\github-repos\BarberX.info\app.py:2350]
2026-01-24 19:46:22,014 INFO: BarberX Legal Tech startup [in C:\web-dev\github-repos\BarberX.info\app.py:116]
2026-01-24 19:46:22,053 INFO: Database tables initialized [in C:\web-dev\github-repos\BarberX.info\app.py:2350]
2026-01-24 19:48:37,759 INFO: BarberX Legal Tech startup [in C:\web-dev\github-repos\BarberX.info\app.py:116]
2026-01-24 19:48:37,803 INFO: Database tables initialized [in C:\web-dev\github-repos\BarberX.info\app.py:2357]
2026-01-24 19:48:49,795 INFO: BarberX Legal Tech startup [in C:\web-dev\github-repos\BarberX.info\app.py:116]
2026-01-24 19:48:49,846 INFO: Database tables initialized [in C:\web-dev\github-repos\BarberX.info\app.py:2357]
2026-01-24 19:50:34,402 ERROR: Dashboard error: The setup method 'template_filter' can no longer be called on the application. It has already handled its first request, any changes will not be applied consistently.
Make sure all imports, decorators, functions, etc. needed to set up the application are done before running it. [in C:\web-dev\github-repos\BarberX.info\app.py:584]
2026-01-24 20:10:47,438 INFO: BarberX Legal Tech startup [in C:\web-dev\github-repos\BarberX.info\app.py:116]
2026-01-24 20:10:52,157 INFO: BarberX Legal Tech startup [in C:\web-dev\github-repos\BarberX.info\.\app.py:116]
2026-01-24 20:10:52,225 INFO: Database tables initialized [in C:\web-dev\github-repos\BarberX.info\.\app.py:2357]
2026-01-24 20:11:53,783 INFO: BarberX Legal Tech startup [in C:\web-dev\github-repos\BarberX.info\app.py:116]
2026-01-24 20:11:59,483 INFO: BarberX Legal Tech startup [in C:\web-dev\github-repos\BarberX.info\.\app.py:116]
2026-01-24 20:11:59,644 INFO: Database tables initialized [in C:\web-dev\github-repos\BarberX.info\.\app.py:2357]
2026-01-24 20:18:20,750 INFO: BarberX Legal Tech startup [in C:\web-dev\github-repos\BarberX.info\app.py:116]
2026-01-24 20:18:20,819 INFO: Database tables initialized [in C:\web-dev\github-repos\BarberX.info\app.py:2357]
2026-01-24 20:18:30,476 INFO: BarberX Legal Tech startup [in C:\web-dev\github-repos\BarberX.info\app.py:116]
2026-01-24 20:18:30,511 INFO: Database tables initialized [in C:\web-dev\github-repos\BarberX.info\app.py:2357]
2026-01-24 20:37:27,416 INFO: BarberX Legal Tech startup [in C:\web-dev\github-repos\BarberX.info\app.py:116]
2026-01-24 20:37:27,451 INFO: Database tables initialized [in C:\web-dev\github-repos\BarberX.info\app.py:2357]
2026-01-24 20:37:35,621 INFO: BarberX Legal Tech startup [in C:\web-dev\github-repos\BarberX.info\app.py:116]
2026-01-24 20:37:35,664 INFO: Database tables initialized [in C:\web-dev\github-repos\BarberX.info\app.py:2357]
2026-01-24 20:40:16,080 INFO: BarberX Legal Tech startup [in C:\web-dev\github-repos\BarberX.info\app.py:116]
2026-01-24 20:40:16,150 INFO: Database tables initialized [in C:\web-dev\github-repos\BarberX.info\app.py:2357]
2026-01-24 20:40:28,024 INFO: BarberX Legal Tech startup [in C:\web-dev\github-repos\BarberX.info\app.py:116]
2026-01-24 20:40:28,088 INFO: Database tables initialized [in C:\web-dev\github-repos\BarberX.info\app.py:2357]
2026-01-24 20:40:33,792 INFO: BarberX Legal Tech startup [in C:\web-dev\github-repos\BarberX.info\app.py:116]
2026-01-24 20:40:33,836 INFO: Database tables initialized [in C:\web-dev\github-repos\BarberX.info\app.py:2357]
2026-01-24 20:43:34,019 INFO: BarberX Legal Tech startup [in C:\web-dev\github-repos\BarberX.info\app.py:116]
2026-01-24 20:43:34,065 INFO: Database tables initialized [in C:\web-dev\github-repos\BarberX.info\app.py:2357]
2026-01-24 21:03:04,868 INFO: BarberX Legal Tech startup [in C:\web-dev\github-repos\BarberX.info\.\app.py:116]
2026-01-24 21:03:04,993 INFO: Database tables initialized [in C:\web-dev\github-repos\BarberX.info\.\app.py:2327]
2026-01-24 21:03:14,934 INFO: BarberX Legal Tech startup [in C:\web-dev\github-repos\BarberX.info\app.py:116]
2026-01-24 21:03:14,967 INFO: Database tables initialized [in C:\web-dev\github-repos\BarberX.info\app.py:2327]
2026-01-24 21:03:21,960 INFO: BarberX Legal Tech startup [in C:\web-dev\github-repos\BarberX.info\app.py:116]
2026-01-24 21:03:21,992 INFO: Database tables initialized [in C:\web-dev\github-repos\BarberX.info\app.py:2327]
2026-01-24 21:10:40,944 INFO: BarberX Legal Tech startup [in C:\web-dev\github-repos\BarberX.info\app.py:116]
2026-01-24 21:10:41,053 INFO: Database tables initialized [in C:\web-dev\github-repos\BarberX.info\app.py:2327]
2026-01-24 21:10:48,009 INFO: BarberX Legal Tech startup [in C:\web-dev\github-repos\BarberX.info\app.py:116]
2026-01-24 21:10:48,043 INFO: Database tables initialized [in C:\web-dev\github-repos\BarberX.info\app.py:2327]
2026-01-24 21:11:12,420 INFO: BarberX Legal Tech startup [in C:\web-dev\github-repos\BarberX.info\app.py:116]
2026-01-24 21:11:12,451 INFO: Database tables initialized [in C:\web-dev\github-repos\BarberX.info\app.py:2327]
2026-01-24 21:11:19,350 INFO: BarberX Legal Tech startup [in C:\web-dev\github-repos\BarberX.info\app.py:116]
2026-01-24 21:11:19,401 INFO: Database tables initialized [in C:\web-dev\github-repos\BarberX.info\app.py:2327]
2026-01-24 21:11:31,671 INFO: BarberX Legal Tech startup [in C:\web-dev\github-repos\BarberX.info\app.py:116]
2026-01-24 21:11:31,709 INFO: Database tables initialized [in C:\web-dev\github-repos\BarberX.info\app.py:2327]
2026-01-24 21:28:56,494 INFO: BarberX Legal Tech startup [in C:\web-dev\github-repos\BarberX.info\.\app.py:116]
2026-01-24 21:28:56,523 INFO: Database tables initialized [in C:\web-dev\github-repos\BarberX.info\.\app.py:2327]
2026-01-24 21:29:14,186 INFO: BarberX Legal Tech startup [in C:\web-dev\github-repos\BarberX.info\.\app.py:116]
2026-01-24 21:29:14,215 INFO: Database tables initialized [in C:\web-dev\github-repos\BarberX.info\.\app.py:2327]
2026-01-24 21:29:23,776 INFO: BarberX Legal Tech startup [in C:\web-dev\github-repos\BarberX.info\app.py:116]
2026-01-24 21:29:23,811 INFO: Database tables initialized [in C:\web-dev\github-repos\BarberX.info\app.py:2327]
2026-01-24 21:29:33,069 INFO: BarberX Legal Tech startup [in C:\web-dev\github-repos\BarberX.info\app.py:116]
2026-01-24 21:29:33,151 INFO: Database tables initialized [in C:\web-dev\github-repos\BarberX.info\app.py:2327]
2026-01-27 05:47:42,114 INFO: BarberX Legal Tech startup [in C:\web-dev\github-repos\BarberX.info\app.py:330]
2026-01-27 05:49:23,693 INFO: BarberX Legal Tech startup [in C:\web-dev\github-repos\BarberX.info\app.py:347]
2026-01-27 05:49:23,865 ERROR: Initialization error: Foreign key associated with column 'legal_documents.case_id' could not find table 'cases' with which to generate a foreign key to target column 'id' [in C:\web-dev\github-repos\BarberX.info\app.py:4243]
2026-01-27 05:50:13,660 INFO: BarberX Legal Tech startup [in C:\web-dev\github-repos\BarberX.info\app.py:347]
2026-01-27 05:50:13,750 INFO: Database tables initialized [in C:\web-dev\github-repos\BarberX.info\app.py:4230]
2026-01-27 05:50:13,767 INFO: [OK] Database indexes created/verified [in C:\web-dev\github-repos\BarberX.info\app.py:365]
2026-01-27 05:50:13,767 INFO: [OK] Evidence processor initialized [in C:\web-dev\github-repos\BarberX.info\app.py:370]
2026-01-27 05:50:13,768 INFO: [OK] Backend optimization services initialized [in C:\web-dev\github-repos\BarberX.info\app.py:382]
2026-01-27 06:28:34,765 INFO: BarberX Legal Tech startup [in C:\web-dev\github-repos\BarberX.info\app.py:347]
2026-01-27 06:28:34,847 INFO: Database tables initialized [in C:\web-dev\github-repos\BarberX.info\app.py:4230]
2026-01-27 06:28:34,854 INFO: [OK] Database indexes created/verified [in C:\web-dev\github-repos\BarberX.info\app.py:365]
2026-01-27 06:28:34,912 INFO: [OK] Evidence processor initialized [in C:\web-dev\github-repos\BarberX.info\app.py:370]
2026-01-27 06:28:34,912 INFO: [OK] Backend optimization services initialized [in C:\web-dev\github-repos\BarberX.info\app.py:382]
2026-01-27 08:36:29,848 INFO: BarberX Legal Tech startup [in C:\web-dev\github-repos\BarberX.info\app.py:347]
2026-01-27 08:36:29,917 INFO: Database tables initialized [in C:\web-dev\github-repos\BarberX.info\app.py:4230]
2026-01-27 08:36:29,925 INFO: [OK] Database indexes created/verified [in C:\web-dev\github-repos\BarberX.info\app.py:365]
2026-01-27 08:36:29,945 INFO: [OK] Evidence processor initialized [in C:\web-dev\github-repos\BarberX.info\app.py:370]
2026-01-27 08:36:29,946 INFO: [OK] Backend optimization services initialized [in C:\web-dev\github-repos\BarberX.info\app.py:382]
2026-01-27 10:58:08,200 INFO: BarberX Legal Tech startup [in C:\web-dev\github-repos\BarberX.info\app.py:347]
2026-01-27 10:58:08,299 INFO: Database tables initialized [in C:\web-dev\github-repos\BarberX.info\app.py:4230]
2026-01-27 10:58:08,307 INFO: [OK] Database indexes created/verified [in C:\web-dev\github-repos\BarberX.info\app.py:365]
2026-01-27 10:58:08,318 INFO: [OK] Evidence processor initialized [in C:\web-dev\github-repos\BarberX.info\app.py:370]
2026-01-27 10:58:08,319 INFO: [OK] Backend optimization services initialized [in C:\web-dev\github-repos\BarberX.info\app.py:382]
2026-01-27 11:00:02,038 INFO: BarberX Legal Tech startup [in C:\web-dev\github-repos\BarberX.info\app.py:347]
2026-01-27 11:00:02,288 INFO: Database tables initialized [in C:\web-dev\github-repos\BarberX.info\app.py:4230]
2026-01-27 11:00:02,313 INFO: [OK] Database indexes created/verified [in C:\web-dev\github-repos\BarberX.info\app.py:365]
2026-01-27 11:00:02,340 INFO: [OK] Evidence processor initialized [in C:\web-dev\github-repos\BarberX.info\app.py:370]
2026-01-27 11:00:02,343 INFO: [OK] Backend optimization services initialized [in C:\web-dev\github-repos\BarberX.info\app.py:382]
2026-01-27 13:37:54,285 INFO: BarberX Legal Tech startup [in C:\web-dev\github-repos\BarberX.info\app.py:347]
2026-01-27 13:37:54,434 INFO: Database tables initialized [in C:\web-dev\github-repos\BarberX.info\app.py:4230]
2026-01-27 13:37:54,446 INFO: [OK] Database indexes created/verified [in C:\web-dev\github-repos\BarberX.info\app.py:365]
2026-01-27 13:37:54,447 INFO: [OK] Evidence processor initialized [in C:\web-dev\github-repos\BarberX.info\app.py:370]
2026-01-27 13:37:54,447 INFO: [OK] Backend optimization services initialized [in C:\web-dev\github-repos\BarberX.info\app.py:382]
2026-01-27 17:14:09,991 INFO: BarberX Legal Tech startup [in C:\web-dev\github-repos\BarberX.info\app.py:347]
2026-01-27 17:14:10,201 INFO: Database tables initialized [in C:\web-dev\github-repos\BarberX.info\app.py:4275]
2026-01-27 17:14:10,212 INFO: [OK] Database indexes created/verified [in C:\web-dev\github-repos\BarberX.info\app.py:365]
2026-01-27 17:14:10,220 INFO: [OK] Evidence processor initialized [in C:\web-dev\github-repos\BarberX.info\app.py:370]
2026-01-27 17:14:10,223 INFO: [OK] Backend optimization services initialized [in C:\web-dev\github-repos\BarberX.info\app.py:382]
2026-01-27 17:14:10,259 INFO: [OK] Database indexes created/verified [in C:\web-dev\github-repos\BarberX.info\app.py:365]
2026-01-27 17:14:10,268 INFO: [OK] Evidence processor initialized [in C:\web-dev\github-repos\BarberX.info\app.py:370]
2026-01-27 17:14:10,269 INFO: [OK] Backend optimization services initialized [in C:\web-dev\github-repos\BarberX.info\app.py:382]
2026-01-27 17:14:22,201 INFO: BarberX Legal Tech startup [in C:\web-dev\github-repos\BarberX.info\app.py:347]
2026-01-27 17:14:22,458 INFO: Database tables initialized [in C:\web-dev\github-repos\BarberX.info\app.py:4275]
2026-01-27 17:14:22,478 INFO: [OK] Database indexes created/verified [in C:\web-dev\github-repos\BarberX.info\app.py:365]
2026-01-27 17:14:22,479 INFO: [OK] Evidence processor initialized [in C:\web-dev\github-repos\BarberX.info\app.py:370]
2026-01-27 17:14:22,482 INFO: [OK] Backend optimization services initialized [in C:\web-dev\github-repos\BarberX.info\app.py:382]
2026-01-27 17:14:22,516 INFO: [OK] Database indexes created/verified [in C:\web-dev\github-repos\BarberX.info\app.py:365]
2026-01-27 17:14:22,517 INFO: [OK] Evidence processor initialized [in C:\web-dev\github-repos\BarberX.info\app.py:370]
2026-01-27 17:14:22,517 INFO: [OK] Backend optimization services initialized [in C:\web-dev\github-repos\BarberX.info\app.py:382]
